<?xml version="1.0" encoding="UTF-8"?>
<robot generator="Robot 6.0.2 (Python 3.8.5 on win32)" generated="20230411 21:58:02.272" rpa="false" schemaversion="3">
<suite id="s1" name="USB" source="G:\Project\QVerifyFramework\tests\USB">
<suite id="s1-s1" name="Test1" source="G:\Project\QVerifyFramework\tests\USB\test1.robot">
<kw name="Call Suite Setup" type="SETUP">
<arg>Function</arg>
<msg timestamp="20230411 21:58:02.302" level="FAIL">No keyword with name 'Call Suite Setup' found.</msg>
<status status="FAIL" starttime="20230411 21:58:02.302" endtime="20230411 21:58:02.302"/>
</kw>
<test id="s1-s1-t1" name="My Test Case1" line="8">
<status status="FAIL" starttime="20230411 21:58:02.302" endtime="20230411 21:58:02.303">Parent suite setup failed:
No keyword with name 'Call Suite Setup' found.</status>
</test>
<status status="FAIL" starttime="20230411 21:58:02.296" endtime="20230411 21:58:02.305">Suite setup failed:
No keyword with name 'Call Suite Setup' found.</status>
</suite>
<suite id="s1-s2" name="Test2" source="G:\Project\QVerifyFramework\tests\USB\test2.robot">
<kw name="Call Suite Setup Function" type="SETUP">
<kw name="Helloworld" library="MyLibrary">
<msg timestamp="20230411 21:58:02.312" level="INFO">Hello, World!</msg>
<status status="PASS" starttime="20230411 21:58:02.312" endtime="20230411 21:58:02.312"/>
</kw>
<status status="PASS" starttime="20230411 21:58:02.311" endtime="20230411 21:58:02.312"/>
</kw>
<test id="s1-s2-t1" name="My Test Case2" line="7">
<kw name="Log" library="BuiltIn">
<arg>Running Test Case</arg>
<doc>Logs the given message with the given level.</doc>
<msg timestamp="20230411 21:58:02.313" level="INFO">Running Test Case</msg>
<status status="PASS" starttime="20230411 21:58:02.313" endtime="20230411 21:58:02.313"/>
</kw>
<status status="PASS" starttime="20230411 21:58:02.312" endtime="20230411 21:58:02.313"/>
</test>
<status status="PASS" starttime="20230411 21:58:02.307" endtime="20230411 21:58:02.314"/>
</suite>
<suite id="s1-s3" name="Test3" source="G:\Project\QVerifyFramework\tests\USB\test3.robot">
<kw name="Call Suite Setup Function" type="SETUP">
<kw name="Helloworld" library="MyLibrary">
<msg timestamp="20230411 21:58:02.320" level="INFO">Hello, World!</msg>
<status status="PASS" starttime="20230411 21:58:02.319" endtime="20230411 21:58:02.320"/>
</kw>
<status status="PASS" starttime="20230411 21:58:02.319" endtime="20230411 21:58:02.320"/>
</kw>
<test id="s1-s3-t1" name="My Test Case3" line="7">
<kw name="Log" library="BuiltIn">
<arg>Running Test Case</arg>
<doc>Logs the given message with the given level.</doc>
<msg timestamp="20230411 21:58:02.321" level="INFO">Running Test Case</msg>
<status status="PASS" starttime="20230411 21:58:02.321" endtime="20230411 21:58:02.321"/>
</kw>
<status status="PASS" starttime="20230411 21:58:02.320" endtime="20230411 21:58:02.321"/>
</test>
<status status="PASS" starttime="20230411 21:58:02.316" endtime="20230411 21:58:02.322"/>
</suite>
<status status="FAIL" starttime="20230411 21:58:02.276" endtime="20230411 21:58:02.324"/>
</suite>
<statistics>
<total>
<stat pass="2" fail="1" skip="0">All Tests</stat>
</total>
<tag>
</tag>
<suite>
<stat pass="2" fail="1" skip="0" id="s1" name="USB">USB</stat>
<stat pass="0" fail="1" skip="0" id="s1-s1" name="Test1">USB.Test1</stat>
<stat pass="1" fail="0" skip="0" id="s1-s2" name="Test2">USB.Test2</stat>
<stat pass="1" fail="0" skip="0" id="s1-s3" name="Test3">USB.Test3</stat>
</suite>
</statistics>
<errors>
<msg timestamp="20230411 21:58:02.265" level="ERROR">Error in file 'G:\Project\QVerifyFramework\tests\USB\test1.robot' on line 5: Non-existing setting ''.</msg>
</errors>
</robot>
