<?xml version="1.0" encoding="UTF-8"?>
<robot generator="Robot 6.0.2 (Python 3.8.5 on win32)" generated="20230411 21:59:59.053" rpa="false" schemaversion="3">
<suite id="s1" name="USB" source="G:\Project\QVerifyFramework\tests\USB">
<suite id="s1-s1" name="Test1" source="G:\Project\QVerifyFramework\tests\USB\test1.robot">
<kw name="Call Suite Setup Function" type="SETUP">
<kw name="Helloworld" library="MyLibrary">
<msg timestamp="20230411 21:59:59.083" level="INFO">Hello, World!</msg>
<status status="PASS" starttime="20230411 21:59:59.082" endtime="20230411 21:59:59.083"/>
</kw>
<kw name="MyLibrary.adsfadfs">
<msg timestamp="20230411 21:59:59.084" level="FAIL">No keyword with name 'MyLibrary.adsfadfs' found.</msg>
<status status="FAIL" starttime="20230411 21:59:59.084" endtime="20230411 21:59:59.084"/>
</kw>
<status status="FAIL" starttime="20230411 21:59:59.082" endtime="20230411 21:59:59.085"/>
</kw>
<test id="s1-s1-t1" name="My Test Case1" line="7">
<status status="FAIL" starttime="20230411 21:59:59.085" endtime="20230411 21:59:59.085">Parent suite setup failed:
No keyword with name 'MyLibrary.adsfadfs' found.</status>
</test>
<status status="FAIL" starttime="20230411 21:59:59.077" endtime="20230411 21:59:59.087">Suite setup failed:
No keyword with name 'MyLibrary.adsfadfs' found.</status>
</suite>
<suite id="s1-s2" name="Test2" source="G:\Project\QVerifyFramework\tests\USB\test2.robot">
<kw name="Call Suite Setup Function" type="SETUP">
<kw name="Helloworld" library="MyLibrary">
<msg timestamp="20230411 21:59:59.094" level="INFO">Hello, World!</msg>
<status status="PASS" starttime="20230411 21:59:59.094" endtime="20230411 21:59:59.094"/>
</kw>
<status status="PASS" starttime="20230411 21:59:59.094" endtime="20230411 21:59:59.094"/>
</kw>
<test id="s1-s2-t1" name="My Test Case2" line="7">
<kw name="Log" library="BuiltIn">
<arg>Running Test Case</arg>
<doc>Logs the given message with the given level.</doc>
<msg timestamp="20230411 21:59:59.095" level="INFO">Running Test Case</msg>
<status status="PASS" starttime="20230411 21:59:59.095" endtime="20230411 21:59:59.095"/>
</kw>
<status status="PASS" starttime="20230411 21:59:59.094" endtime="20230411 21:59:59.095"/>
</test>
<status status="PASS" starttime="20230411 21:59:59.089" endtime="20230411 21:59:59.097"/>
</suite>
<suite id="s1-s3" name="Test3" source="G:\Project\QVerifyFramework\tests\USB\test3.robot">
<kw name="Call Suite Setup Function" type="SETUP">
<kw name="Helloworld" library="MyLibrary">
<msg timestamp="20230411 21:59:59.103" level="INFO">Hello, World!</msg>
<status status="PASS" starttime="20230411 21:59:59.102" endtime="20230411 21:59:59.103"/>
</kw>
<status status="PASS" starttime="20230411 21:59:59.102" endtime="20230411 21:59:59.103"/>
</kw>
<test id="s1-s3-t1" name="My Test Case3" line="7">
<kw name="Log" library="BuiltIn">
<arg>Running Test Case</arg>
<doc>Logs the given message with the given level.</doc>
<msg timestamp="20230411 21:59:59.104" level="INFO">Running Test Case</msg>
<status status="PASS" starttime="20230411 21:59:59.104" endtime="20230411 21:59:59.104"/>
</kw>
<status status="PASS" starttime="20230411 21:59:59.103" endtime="20230411 21:59:59.105"/>
</test>
<status status="PASS" starttime="20230411 21:59:59.098" endtime="20230411 21:59:59.106"/>
</suite>
<status status="FAIL" starttime="20230411 21:59:59.056" endtime="20230411 21:59:59.108"/>
</suite>
<statistics>
<total>
<stat pass="2" fail="1" skip="0">All Tests</stat>
</total>
<tag>
</tag>
<suite>
<stat pass="2" fail="1" skip="0" id="s1" name="USB">USB</stat>
<stat pass="0" fail="1" skip="0" id="s1-s1" name="Test1">USB.Test1</stat>
<stat pass="1" fail="0" skip="0" id="s1-s2" name="Test2">USB.Test2</stat>
<stat pass="1" fail="0" skip="0" id="s1-s3" name="Test3">USB.Test3</stat>
</suite>
</statistics>
<errors>
</errors>
</robot>
