<?xml version="1.0" encoding="UTF-8"?>
<robot generator="Robot 6.0.2 (Python 3.8.5 on win32)" generated="20230411 21:43:20.442" rpa="false" schemaversion="3">
<suite id="s1" name="USB" source="G:\Project\QVerifyFramework\tests\USB">
<suite id="s1-s1" name="Test1" source="G:\Project\QVerifyFramework\tests\USB\test1.robot">
<kw name="Call Suite Setup Function" type="SETUP">
<kw name="Helloworld" library="MyLibrary">
<msg timestamp="20230411 21:43:20.467" level="INFO">Hello, World!</msg>
<status status="PASS" starttime="20230411 21:43:20.467" endtime="20230411 21:43:20.467"/>
</kw>
<status status="PASS" starttime="20230411 21:43:20.467" endtime="20230411 21:43:20.467"/>
</kw>
<test id="s1-s1-t1" name="My Test Case1" line="7">
<kw name="Log" library="BuiltIn">
<arg>Running Test Case</arg>
<doc>Logs the given message with the given level.</doc>
<msg timestamp="20230411 21:43:20.468" level="INFO">Running Test Case</msg>
<status status="PASS" starttime="20230411 21:43:20.468" endtime="20230411 21:43:20.468"/>
</kw>
<status status="PASS" starttime="20230411 21:43:20.467" endtime="20230411 21:43:20.468"/>
</test>
<status status="PASS" starttime="20230411 21:43:20.463" endtime="20230411 21:43:20.470"/>
</suite>
<suite id="s1-s2" name="Test2" source="G:\Project\QVerifyFramework\tests\USB\test2.robot">
<kw name="Call Suite Setup Function" type="SETUP">
<kw name="Helloworld" library="MyLibrary">
<msg timestamp="20230411 21:43:20.476" level="INFO">Hello, World!</msg>
<status status="PASS" starttime="20230411 21:43:20.475" endtime="20230411 21:43:20.476"/>
</kw>
<status status="PASS" starttime="20230411 21:43:20.475" endtime="20230411 21:43:20.476"/>
</kw>
<test id="s1-s2-t1" name="My Test Case2" line="7">
<kw name="Log" library="BuiltIn">
<arg>Running Test Case</arg>
<doc>Logs the given message with the given level.</doc>
<msg timestamp="20230411 21:43:20.477" level="INFO">Running Test Case</msg>
<status status="PASS" starttime="20230411 21:43:20.477" endtime="20230411 21:43:20.477"/>
</kw>
<status status="PASS" starttime="20230411 21:43:20.476" endtime="20230411 21:43:20.478"/>
</test>
<status status="PASS" starttime="20230411 21:43:20.471" endtime="20230411 21:43:20.478"/>
</suite>
<suite id="s1-s3" name="Test3" source="G:\Project\QVerifyFramework\tests\USB\test3.robot">
<kw name="Call Suite Setup Function" type="SETUP">
<kw name="Helloworld" library="MyLibrary">
<msg timestamp="20230411 21:43:20.485" level="INFO">Hello, World!</msg>
<status status="PASS" starttime="20230411 21:43:20.484" endtime="20230411 21:43:20.485"/>
</kw>
<status status="PASS" starttime="20230411 21:43:20.484" endtime="20230411 21:43:20.485"/>
</kw>
<test id="s1-s3-t1" name="My Test Case3" line="7">
<kw name="Log" library="BuiltIn">
<arg>Running Test Case</arg>
<doc>Logs the given message with the given level.</doc>
<msg timestamp="20230411 21:43:20.486" level="INFO">Running Test Case</msg>
<status status="PASS" starttime="20230411 21:43:20.486" endtime="20230411 21:43:20.486"/>
</kw>
<status status="PASS" starttime="20230411 21:43:20.485" endtime="20230411 21:43:20.487"/>
</test>
<status status="PASS" starttime="20230411 21:43:20.480" endtime="20230411 21:43:20.487"/>
</suite>
<status status="PASS" starttime="20230411 21:43:20.444" endtime="20230411 21:43:20.489"/>
</suite>
<statistics>
<total>
<stat pass="3" fail="0" skip="0">All Tests</stat>
</total>
<tag>
</tag>
<suite>
<stat pass="3" fail="0" skip="0" id="s1" name="USB">USB</stat>
<stat pass="1" fail="0" skip="0" id="s1-s1" name="Test1">USB.Test1</stat>
<stat pass="1" fail="0" skip="0" id="s1-s2" name="Test2">USB.Test2</stat>
<stat pass="1" fail="0" skip="0" id="s1-s3" name="Test3">USB.Test3</stat>
</suite>
</statistics>
<errors>
</errors>
</robot>
