<?xml version="1.0" encoding="UTF-8"?>
<robot generator="Robot 6.0.2 (Python 3.8.5 on win32)" generated="20230411 22:00:46.610" rpa="false" schemaversion="3">
<suite id="s1" name="USB" source="G:\Project\QVerifyFramework\tests\USB">
<suite id="s1-s1" name="Test1" source="G:\Project\QVerifyFramework\tests\USB\test1.robot">
<kw name="Call Suite Setup Function" type="SETUP">
<kw name="Helloworld" library="MyLibrary">
<msg timestamp="20230411 22:00:46.639" level="INFO">Hello, World!</msg>
<status status="PASS" starttime="20230411 22:00:46.639" endtime="20230411 22:00:46.639"/>
</kw>
<kw name="MyLibrary.reset ${123}">
<msg timestamp="20230411 22:00:46.641" level="FAIL">No keyword with name 'MyLibrary.reset ${123}' found. Did you try using keyword 'MyLibrary.Reset' and forgot to use enough whitespace between keyword and arguments?</msg>
<status status="FAIL" starttime="20230411 22:00:46.641" endtime="20230411 22:00:46.641"/>
</kw>
<status status="FAIL" starttime="20230411 22:00:46.639" endtime="20230411 22:00:46.641"/>
</kw>
<test id="s1-s1-t1" name="My Test Case1" line="7">
<status status="FAIL" starttime="20230411 22:00:46.641" endtime="20230411 22:00:46.641">Parent suite setup failed:
No keyword with name 'MyLibrary.reset ${123}' found. Did you try using keyword 'MyLibrary.Reset' and forgot to use enough whitespace between keyword and arguments?</status>
</test>
<status status="FAIL" starttime="20230411 22:00:46.634" endtime="20230411 22:00:46.643">Suite setup failed:
No keyword with name 'MyLibrary.reset ${123}' found. Did you try using keyword 'MyLibrary.Reset' and forgot to use enough whitespace between keyword and arguments?</status>
</suite>
<suite id="s1-s2" name="Test2" source="G:\Project\QVerifyFramework\tests\USB\test2.robot">
<kw name="Call Suite Setup Function" type="SETUP">
<kw name="Helloworld" library="MyLibrary">
<msg timestamp="20230411 22:00:46.650" level="INFO">Hello, World!</msg>
<status status="PASS" starttime="20230411 22:00:46.650" endtime="20230411 22:00:46.650"/>
</kw>
<status status="PASS" starttime="20230411 22:00:46.649" endtime="20230411 22:00:46.650"/>
</kw>
<test id="s1-s2-t1" name="My Test Case2" line="7">
<kw name="Log" library="BuiltIn">
<arg>Running Test Case</arg>
<doc>Logs the given message with the given level.</doc>
<msg timestamp="20230411 22:00:46.651" level="INFO">Running Test Case</msg>
<status status="PASS" starttime="20230411 22:00:46.651" endtime="20230411 22:00:46.651"/>
</kw>
<status status="PASS" starttime="20230411 22:00:46.650" endtime="20230411 22:00:46.651"/>
</test>
<status status="PASS" starttime="20230411 22:00:46.645" endtime="20230411 22:00:46.652"/>
</suite>
<suite id="s1-s3" name="Test3" source="G:\Project\QVerifyFramework\tests\USB\test3.robot">
<kw name="Call Suite Setup Function" type="SETUP">
<kw name="Helloworld" library="MyLibrary">
<msg timestamp="20230411 22:00:46.658" level="INFO">Hello, World!</msg>
<status status="PASS" starttime="20230411 22:00:46.658" endtime="20230411 22:00:46.658"/>
</kw>
<status status="PASS" starttime="20230411 22:00:46.657" endtime="20230411 22:00:46.658"/>
</kw>
<test id="s1-s3-t1" name="My Test Case3" line="7">
<kw name="Log" library="BuiltIn">
<arg>Running Test Case</arg>
<doc>Logs the given message with the given level.</doc>
<msg timestamp="20230411 22:00:46.658" level="INFO">Running Test Case</msg>
<status status="PASS" starttime="20230411 22:00:46.658" endtime="20230411 22:00:46.658"/>
</kw>
<status status="PASS" starttime="20230411 22:00:46.658" endtime="20230411 22:00:46.659"/>
</test>
<status status="PASS" starttime="20230411 22:00:46.653" endtime="20230411 22:00:46.659"/>
</suite>
<status status="FAIL" starttime="20230411 22:00:46.612" endtime="20230411 22:00:46.660"/>
</suite>
<statistics>
<total>
<stat pass="2" fail="1" skip="0">All Tests</stat>
</total>
<tag>
</tag>
<suite>
<stat pass="2" fail="1" skip="0" id="s1" name="USB">USB</stat>
<stat pass="0" fail="1" skip="0" id="s1-s1" name="Test1">USB.Test1</stat>
<stat pass="1" fail="0" skip="0" id="s1-s2" name="Test2">USB.Test2</stat>
<stat pass="1" fail="0" skip="0" id="s1-s3" name="Test3">USB.Test3</stat>
</suite>
</statistics>
<errors>
</errors>
</robot>
