<?xml version="1.0" encoding="UTF-8"?>
<robot generator="Robot 6.0.2 (Python 3.8.5 on win32)" generated="20230411 21:58:29.762" rpa="false" schemaversion="3">
<suite id="s1" name="USB" source="G:\Project\QVerifyFramework\tests\USB">
<suite id="s1-s1" name="Test1" source="G:\Project\QVerifyFramework\tests\USB\test1.robot">
<kw name="Call Suite Setup Function" type="SETUP">
<kw name="Helloworld" library="MyLibrary">
<msg timestamp="20230411 21:58:29.794" level="INFO">Hello, World!</msg>
<status status="PASS" starttime="20230411 21:58:29.793" endtime="20230411 21:58:29.794"/>
</kw>
<status status="PASS" starttime="20230411 21:58:29.793" endtime="20230411 21:58:29.794"/>
</kw>
<test id="s1-s1-t1" name="My Test Case1" line="8">
<kw name="Log" library="BuiltIn">
<arg>Running Test Case</arg>
<doc>Logs the given message with the given level.</doc>
<msg timestamp="20230411 21:58:29.795" level="INFO">Running Test Case</msg>
<status status="PASS" starttime="20230411 21:58:29.795" endtime="20230411 21:58:29.795"/>
</kw>
<status status="PASS" starttime="20230411 21:58:29.794" endtime="20230411 21:58:29.795"/>
</test>
<status status="PASS" starttime="20230411 21:58:29.788" endtime="20230411 21:58:29.797"/>
</suite>
<suite id="s1-s2" name="Test2" source="G:\Project\QVerifyFramework\tests\USB\test2.robot">
<kw name="Call Suite Setup Function" type="SETUP">
<kw name="Helloworld" library="MyLibrary">
<msg timestamp="20230411 21:58:29.802" level="INFO">Hello, World!</msg>
<status status="PASS" starttime="20230411 21:58:29.802" endtime="20230411 21:58:29.802"/>
</kw>
<status status="PASS" starttime="20230411 21:58:29.802" endtime="20230411 21:58:29.802"/>
</kw>
<test id="s1-s2-t1" name="My Test Case2" line="7">
<kw name="Log" library="BuiltIn">
<arg>Running Test Case</arg>
<doc>Logs the given message with the given level.</doc>
<msg timestamp="20230411 21:58:29.803" level="INFO">Running Test Case</msg>
<status status="PASS" starttime="20230411 21:58:29.803" endtime="20230411 21:58:29.803"/>
</kw>
<status status="PASS" starttime="20230411 21:58:29.802" endtime="20230411 21:58:29.803"/>
</test>
<status status="PASS" starttime="20230411 21:58:29.798" endtime="20230411 21:58:29.804"/>
</suite>
<suite id="s1-s3" name="Test3" source="G:\Project\QVerifyFramework\tests\USB\test3.robot">
<kw name="Call Suite Setup Function" type="SETUP">
<kw name="Helloworld" library="MyLibrary">
<msg timestamp="20230411 21:58:29.809" level="INFO">Hello, World!</msg>
<status status="PASS" starttime="20230411 21:58:29.809" endtime="20230411 21:58:29.809"/>
</kw>
<status status="PASS" starttime="20230411 21:58:29.809" endtime="20230411 21:58:29.810"/>
</kw>
<test id="s1-s3-t1" name="My Test Case3" line="7">
<kw name="Log" library="BuiltIn">
<arg>Running Test Case</arg>
<doc>Logs the given message with the given level.</doc>
<msg timestamp="20230411 21:58:29.810" level="INFO">Running Test Case</msg>
<status status="PASS" starttime="20230411 21:58:29.810" endtime="20230411 21:58:29.810"/>
</kw>
<status status="PASS" starttime="20230411 21:58:29.810" endtime="20230411 21:58:29.810"/>
</test>
<status status="PASS" starttime="20230411 21:58:29.805" endtime="20230411 21:58:29.811"/>
</suite>
<status status="PASS" starttime="20230411 21:58:29.765" endtime="20230411 21:58:29.812"/>
</suite>
<statistics>
<total>
<stat pass="3" fail="0" skip="0">All Tests</stat>
</total>
<tag>
</tag>
<suite>
<stat pass="3" fail="0" skip="0" id="s1" name="USB">USB</stat>
<stat pass="1" fail="0" skip="0" id="s1-s1" name="Test1">USB.Test1</stat>
<stat pass="1" fail="0" skip="0" id="s1-s2" name="Test2">USB.Test2</stat>
<stat pass="1" fail="0" skip="0" id="s1-s3" name="Test3">USB.Test3</stat>
</suite>
</statistics>
<errors>
<msg timestamp="20230411 21:58:29.756" level="ERROR">Error in file 'G:\Project\QVerifyFramework\tests\USB\test1.robot' on line 5: Setting 'Suite Setup' is allowed only once. Only the first value is used.</msg>
</errors>
</robot>
