<?xml version="1.0" encoding="UTF-8"?>
<robot generator="Robot 6.0.2 (Python 3.8.5 on win32)" generated="20230411 21:57:32.238" rpa="false" schemaversion="3">
<suite id="s1" name="USB" source="G:\Project\QVerifyFramework\tests\USB">
<suite id="s1-s1" name="Test1" source="G:\Project\QVerifyFramework\tests\USB\test1.robot">
<kw name="Call Suite Setup" type="SETUP">
<arg>Function</arg>
<msg timestamp="20230411 21:57:32.274" level="FAIL">No keyword with name 'Call Suite Setup' found.</msg>
<status status="FAIL" starttime="20230411 21:57:32.274" endtime="20230411 21:57:32.274"/>
</kw>
<test id="s1-s1-t1" name="My Test Case1" line="8">
<status status="FAIL" starttime="20230411 21:57:32.275" endtime="20230411 21:57:32.275">Parent suite setup failed:
No keyword with name 'Call Suite Setup' found.</status>
</test>
<status status="FAIL" starttime="20230411 21:57:32.262" endtime="20230411 21:57:32.277">Suite setup failed:
No keyword with name 'Call Suite Setup' found.</status>
</suite>
<suite id="s1-s2" name="Test2" source="G:\Project\QVerifyFramework\tests\USB\test2.robot">
<kw name="Call Suite Setup Function" type="SETUP">
<kw name="Helloworld" library="MyLibrary">
<msg timestamp="20230411 21:57:32.283" level="INFO">Hello, World!</msg>
<status status="PASS" starttime="20230411 21:57:32.283" endtime="20230411 21:57:32.283"/>
</kw>
<status status="PASS" starttime="20230411 21:57:32.282" endtime="20230411 21:57:32.283"/>
</kw>
<test id="s1-s2-t1" name="My Test Case2" line="7">
<kw name="Log" library="BuiltIn">
<arg>Running Test Case</arg>
<doc>Logs the given message with the given level.</doc>
<msg timestamp="20230411 21:57:32.284" level="INFO">Running Test Case</msg>
<status status="PASS" starttime="20230411 21:57:32.284" endtime="20230411 21:57:32.284"/>
</kw>
<status status="PASS" starttime="20230411 21:57:32.283" endtime="20230411 21:57:32.284"/>
</test>
<status status="PASS" starttime="20230411 21:57:32.278" endtime="20230411 21:57:32.285"/>
</suite>
<suite id="s1-s3" name="Test3" source="G:\Project\QVerifyFramework\tests\USB\test3.robot">
<kw name="Call Suite Setup Function" type="SETUP">
<kw name="Helloworld" library="MyLibrary">
<msg timestamp="20230411 21:57:32.292" level="INFO">Hello, World!</msg>
<status status="PASS" starttime="20230411 21:57:32.291" endtime="20230411 21:57:32.292"/>
</kw>
<status status="PASS" starttime="20230411 21:57:32.291" endtime="20230411 21:57:32.292"/>
</kw>
<test id="s1-s3-t1" name="My Test Case3" line="7">
<kw name="Log" library="BuiltIn">
<arg>Running Test Case</arg>
<doc>Logs the given message with the given level.</doc>
<msg timestamp="20230411 21:57:32.292" level="INFO">Running Test Case</msg>
<status status="PASS" starttime="20230411 21:57:32.292" endtime="20230411 21:57:32.292"/>
</kw>
<status status="PASS" starttime="20230411 21:57:32.292" endtime="20230411 21:57:32.293"/>
</test>
<status status="PASS" starttime="20230411 21:57:32.287" endtime="20230411 21:57:32.294"/>
</suite>
<status status="FAIL" starttime="20230411 21:57:32.241" endtime="20230411 21:57:32.295"/>
</suite>
<statistics>
<total>
<stat pass="2" fail="1" skip="0">All Tests</stat>
</total>
<tag>
</tag>
<suite>
<stat pass="2" fail="1" skip="0" id="s1" name="USB">USB</stat>
<stat pass="0" fail="1" skip="0" id="s1-s1" name="Test1">USB.Test1</stat>
<stat pass="1" fail="0" skip="0" id="s1-s2" name="Test2">USB.Test2</stat>
<stat pass="1" fail="0" skip="0" id="s1-s3" name="Test3">USB.Test3</stat>
</suite>
</statistics>
<errors>
<msg timestamp="20230411 21:57:32.231" level="ERROR">Error in file 'G:\Project\QVerifyFramework\tests\USB\test1.robot' on line 5: Non-existing setting ''.</msg>
</errors>
</robot>
