<?xml version="1.0" encoding="UTF-8"?>
<robot generator="Robot 6.0.2 (Python 3.8.5 on win32)" generated="20230411 21:58:13.561" rpa="false" schemaversion="3">
<suite id="s1" name="USB" source="G:\Project\QVerifyFramework\tests\USB">
<suite id="s1-s1" name="Test1" source="G:\Project\QVerifyFramework\tests\USB\test1.robot">
<kw name="Call Suite Setup" type="SETUP">
<arg>Function</arg>
<msg timestamp="20230411 21:58:13.591" level="FAIL">No keyword with name 'Call Suite Setup' found.</msg>
<status status="FAIL" starttime="20230411 21:58:13.591" endtime="20230411 21:58:13.591"/>
</kw>
<test id="s1-s1-t1" name="My Test Case1" line="8">
<status status="FAIL" starttime="20230411 21:58:13.591" endtime="20230411 21:58:13.591">Parent suite setup failed:
No keyword with name 'Call Suite Setup' found.</status>
</test>
<status status="FAIL" starttime="20230411 21:58:13.584" endtime="20230411 21:58:13.593">Suite setup failed:
No keyword with name 'Call Suite Setup' found.</status>
</suite>
<suite id="s1-s2" name="Test2" source="G:\Project\QVerifyFramework\tests\USB\test2.robot">
<kw name="Call Suite Setup Function" type="SETUP">
<kw name="Helloworld" library="MyLibrary">
<msg timestamp="20230411 21:58:13.598" level="INFO">Hello, World!</msg>
<status status="PASS" starttime="20230411 21:58:13.598" endtime="20230411 21:58:13.598"/>
</kw>
<status status="PASS" starttime="20230411 21:58:13.598" endtime="20230411 21:58:13.599"/>
</kw>
<test id="s1-s2-t1" name="My Test Case2" line="7">
<kw name="Log" library="BuiltIn">
<arg>Running Test Case</arg>
<doc>Logs the given message with the given level.</doc>
<msg timestamp="20230411 21:58:13.599" level="INFO">Running Test Case</msg>
<status status="PASS" starttime="20230411 21:58:13.599" endtime="20230411 21:58:13.599"/>
</kw>
<status status="PASS" starttime="20230411 21:58:13.599" endtime="20230411 21:58:13.601"/>
</test>
<status status="PASS" starttime="20230411 21:58:13.595" endtime="20230411 21:58:13.602"/>
</suite>
<suite id="s1-s3" name="Test3" source="G:\Project\QVerifyFramework\tests\USB\test3.robot">
<kw name="Call Suite Setup Function" type="SETUP">
<kw name="Helloworld" library="MyLibrary">
<msg timestamp="20230411 21:58:13.607" level="INFO">Hello, World!</msg>
<status status="PASS" starttime="20230411 21:58:13.606" endtime="20230411 21:58:13.607"/>
</kw>
<status status="PASS" starttime="20230411 21:58:13.606" endtime="20230411 21:58:13.607"/>
</kw>
<test id="s1-s3-t1" name="My Test Case3" line="7">
<kw name="Log" library="BuiltIn">
<arg>Running Test Case</arg>
<doc>Logs the given message with the given level.</doc>
<msg timestamp="20230411 21:58:13.608" level="INFO">Running Test Case</msg>
<status status="PASS" starttime="20230411 21:58:13.608" endtime="20230411 21:58:13.608"/>
</kw>
<status status="PASS" starttime="20230411 21:58:13.607" endtime="20230411 21:58:13.608"/>
</test>
<status status="PASS" starttime="20230411 21:58:13.603" endtime="20230411 21:58:13.609"/>
</suite>
<status status="FAIL" starttime="20230411 21:58:13.563" endtime="20230411 21:58:13.610"/>
</suite>
<statistics>
<total>
<stat pass="2" fail="1" skip="0">All Tests</stat>
</total>
<tag>
</tag>
<suite>
<stat pass="2" fail="1" skip="0" id="s1" name="USB">USB</stat>
<stat pass="0" fail="1" skip="0" id="s1-s1" name="Test1">USB.Test1</stat>
<stat pass="1" fail="0" skip="0" id="s1-s2" name="Test2">USB.Test2</stat>
<stat pass="1" fail="0" skip="0" id="s1-s3" name="Test3">USB.Test3</stat>
</suite>
</statistics>
<errors>
<msg timestamp="20230411 21:58:13.555" level="ERROR">Error in file 'G:\Project\QVerifyFramework\tests\USB\test1.robot' on line 5: Setting 'Suite Setup' is allowed only once. Only the first value is used.</msg>
</errors>
</robot>
